[2023-11-15T17:40:23.782+0000] {taskinstance.py:1157} INFO - Dependencies all met for dep_context=non-requeueable deps ti=<TaskInstance: peliculas_dag.export_data_to_xcom manual__2023-11-15T17:39:59.714741+00:00 [queued]>
[2023-11-15T17:40:23.812+0000] {taskinstance.py:1157} INFO - Dependencies all met for dep_context=requeueable deps ti=<TaskInstance: peliculas_dag.export_data_to_xcom manual__2023-11-15T17:39:59.714741+00:00 [queued]>
[2023-11-15T17:40:23.814+0000] {taskinstance.py:1359} INFO - Starting attempt 1 of 6
[2023-11-15T17:40:23.868+0000] {taskinstance.py:1380} INFO - Executing <Task(PythonOperator): export_data_to_xcom> on 2023-11-15 17:39:59.714741+00:00
[2023-11-15T17:40:23.882+0000] {standard_task_runner.py:57} INFO - Started process 127 to run task
[2023-11-15T17:40:23.897+0000] {standard_task_runner.py:84} INFO - Running: ['***', 'tasks', 'run', 'peliculas_dag', 'export_data_to_xcom', 'manual__2023-11-15T17:39:59.714741+00:00', '--job-id', '25', '--raw', '--subdir', 'DAGS_FOLDER/peliculas_dag.py', '--cfg-path', '/tmp/tmpek76ps6z']
[2023-11-15T17:40:23.903+0000] {standard_task_runner.py:85} INFO - Job 25: Subtask export_data_to_xcom
[2023-11-15T17:40:24.084+0000] {task_command.py:415} INFO - Running <TaskInstance: peliculas_dag.export_data_to_xcom manual__2023-11-15T17:39:59.714741+00:00 [running]> on host 566b22168472
[2023-11-15T17:40:24.379+0000] {taskinstance.py:1660} INFO - Exporting env vars: AIRFLOW_CTX_DAG_OWNER='cristian' AIRFLOW_CTX_DAG_ID='peliculas_dag' AIRFLOW_CTX_TASK_ID='export_data_to_xcom' AIRFLOW_CTX_EXECUTION_DATE='2023-11-15T17:39:59.714741+00:00' AIRFLOW_CTX_TRY_NUMBER='1' AIRFLOW_CTX_DAG_RUN_ID='manual__2023-11-15T17:39:59.714741+00:00'
[2023-11-15T17:40:24.392+0000] {python.py:194} INFO - Done. Returned value was: {{ task_instance.xcom_pull(task_ids='export_data_to_xcom', dag_id='adhoc_airflow', key='return_value') }}
[2023-11-15T17:40:24.411+0000] {xcom.py:661} ERROR - Object of type PlainXComArg is not JSON serializable. If you are using pickle instead of JSON for XCom, then you need to enable pickle support for XCom in your *** config or make sure to decorate your object with attr.
[2023-11-15T17:40:24.416+0000] {taskinstance.py:1935} ERROR - Task failed with exception
Traceback (most recent call last):
  File "/home/airflow/.local/lib/python3.8/site-packages/airflow/utils/json.py", line 91, in default
    return serialize(o)
  File "/home/airflow/.local/lib/python3.8/site-packages/airflow/serialization/serde.py", line 178, in serialize
    raise TypeError(f"cannot serialize object of type {cls}")
TypeError: cannot serialize object of type <class '***.models.xcom_arg.PlainXComArg'>

During handling of the above exception, another exception occurred:

Traceback (most recent call last):
  File "/home/airflow/.local/lib/python3.8/site-packages/airflow/utils/session.py", line 74, in wrapper
    return func(*args, **kwargs)
  File "/home/airflow/.local/lib/python3.8/site-packages/airflow/models/taskinstance.py", line 2477, in xcom_push
    XCom.set(
  File "/home/airflow/.local/lib/python3.8/site-packages/airflow/utils/session.py", line 74, in wrapper
    return func(*args, **kwargs)
  File "/home/airflow/.local/lib/python3.8/site-packages/airflow/models/xcom.py", line 244, in set
    value = cls.serialize_value(
  File "/home/airflow/.local/lib/python3.8/site-packages/airflow/models/xcom.py", line 659, in serialize_value
    return json.dumps(value, cls=XComEncoder).encode("UTF-8")
  File "/usr/local/lib/python3.8/json/__init__.py", line 234, in dumps
    return cls(
  File "/home/airflow/.local/lib/python3.8/site-packages/airflow/utils/json.py", line 104, in encode
    return super().encode(o)
  File "/usr/local/lib/python3.8/json/encoder.py", line 199, in encode
    chunks = self.iterencode(o, _one_shot=True)
  File "/usr/local/lib/python3.8/json/encoder.py", line 257, in iterencode
    return _iterencode(o, 0)
  File "/home/airflow/.local/lib/python3.8/site-packages/airflow/utils/json.py", line 93, in default
    return super().default(o)
  File "/usr/local/lib/python3.8/json/encoder.py", line 179, in default
    raise TypeError(f'Object of type {o.__class__.__name__} '
TypeError: Object of type PlainXComArg is not JSON serializable
[2023-11-15T17:40:24.448+0000] {taskinstance.py:1398} INFO - Marking task as UP_FOR_RETRY. dag_id=peliculas_dag, task_id=export_data_to_xcom, execution_date=20231115T173959, start_date=20231115T174023, end_date=20231115T174024
[2023-11-15T17:40:24.488+0000] {standard_task_runner.py:104} ERROR - Failed to execute job 25 for task export_data_to_xcom (Object of type PlainXComArg is not JSON serializable; 127)
[2023-11-15T17:40:24.549+0000] {local_task_job_runner.py:228} INFO - Task exited with return code 1
[2023-11-15T17:40:24.620+0000] {taskinstance.py:2776} INFO - 0 downstream tasks scheduled from follow-on schedule check
